#
# There is insufficient memory for the Java Runtime Environment to continue.
# Native memory allocation (malloc) failed to allocate 32744 bytes for ChunkPool::allocate
# Possible reasons:
#   The system is out of physical RAM or swap space
#   The process is running with CompressedOops enabled, and the Java Heap may be blocking the growth of the native heap
# Possible solutions:
#   Reduce memory load on the system
#   Increase physical memory or swap space
#   Check if swap backing store is full
#   Decrease Java heap size (-Xmx/-Xms)
#   Decrease number of Java threads
#   Decrease Java thread stack sizes (-Xss)
#   Set larger code cache with -XX:ReservedCodeCacheSize=
#   JVM is running with Unscaled Compressed Oops mode in which the Java heap is
#     placed in the first 4GB address space. The Java Heap base address is the
#     maximum limit for the native heap growth. Please use -XX:HeapBaseMinAddress
#     to set the Java Heap base and to place the Java Heap above 4GB virtual address.
# This output file may be truncated or incomplete.
#
#  Out of Memory Error (allocation.cpp:272), pid=12388, tid=0x0000000000000a6c
#
# JRE version: OpenJDK Runtime Environment (8.0_262-b10) (build 1.8.0_262-b10)
# Java VM: OpenJDK 64-Bit Server VM (25.262-b10 mixed mode windows-amd64 compressed oops)
# Failed to write core dump. Minidumps are not enabled by default on client versions of Windows
#

---------------  T H R E A D  ---------------

Current thread (0x00000000168ab800):  JavaThread "C2 CompilerThread2" daemon [_thread_in_native, id=2668, stack(0x0000000017370000,0x0000000017470000)]

Stack: [0x0000000017370000,0x0000000017470000]
[error occurred during error reporting (printing stack bounds), id 0xc0000005]

Native frames: (J=compiled Java code, j=interpreted, Vv=VM code, C=native code)


Current CompileTask:
C2:1104588 4688       4       java.net.URLClassLoader$1::run (5 bytes)


---------------  P R O C E S S  ---------------

Java Threads: ( => current thread )
  0x00000000194bf800 JavaThread "Cache worker for Build Output Cleanup Cache (C:\Users\touli\Documents\GitHub\ToulisApp\android\.gradle\buildOutputCleanup)" [_thread_blocked, id=10200, stack(0x0000000020e90000,0x0000000020f90000)]
  0x00000000194be800 JavaThread "Build operations Thread 8" [_thread_blocked, id=6912, stack(0x0000000020790000,0x0000000020890000)]
  0x00000000194bd000 JavaThread "Build operations Thread 7" [_thread_blocked, id=10308, stack(0x0000000020690000,0x0000000020790000)]
  0x00000000194c2800 JavaThread "Build operations Thread 6" [_thread_blocked, id=4552, stack(0x0000000020590000,0x0000000020690000)]
  0x00000000194bb000 JavaThread "Build operations Thread 5" [_thread_blocked, id=4768, stack(0x0000000020490000,0x0000000020590000)]
  0x00000000194c1000 JavaThread "Build operations Thread 4" [_thread_blocked, id=16672, stack(0x0000000020390000,0x0000000020490000)]
  0x00000000194c1800 JavaThread "Build operations Thread 3" [_thread_blocked, id=17416, stack(0x0000000020290000,0x0000000020390000)]
  0x00000000194be000 JavaThread "Build operations Thread 2" [_thread_blocked, id=2856, stack(0x0000000020190000,0x0000000020290000)]
  0x00000000194bc800 JavaThread "Build operations" [_thread_blocked, id=3836, stack(0x000000001ec40000,0x000000001ed40000)]
  0x00000000194b8000 JavaThread "Cache worker for cache directory md-rule (C:\Users\touli\.gradle\caches\6.2\md-rule)" [_thread_blocked, id=12440, stack(0x000000001e040000,0x000000001e140000)]
  0x00000000194b5000 JavaThread "Cache worker for cache directory md-supplier (C:\Users\touli\.gradle\caches\6.2\md-supplier)" [_thread_blocked, id=16932, stack(0x000000001dd40000,0x000000001de40000)]
  0x00000000194bb800 JavaThread "Cache worker for file hash cache (C:\Users\touli\Documents\GitHub\ToulisApp\android\.gradle\6.2\fileHashes)" [_thread_blocked, id=16960, stack(0x000000001da40000,0x000000001db40000)]
  0x00000000194b3800 JavaThread "Cache worker for checksums cache (C:\Users\touli\Documents\GitHub\ToulisApp\android\.gradle\checksums)" [_thread_blocked, id=1424, stack(0x000000001c760000,0x000000001c860000)]
  0x00000000194b4000 JavaThread "Thread-24" [_thread_blocked, id=10316, stack(0x000000001b190000,0x000000001b290000)]
  0x00000000194b7000 JavaThread "Stdin handler" [_thread_blocked, id=5712, stack(0x000000001b090000,0x000000001b190000)]
  0x00000000194b8800 JavaThread "Asynchronous log dispatcher for DefaultDaemonConnection: socket connection from /127.0.0.1:51270 to /127.0.0.1:63678" [_thread_blocked, id=3180, stack(0x000000001ae90000,0x000000001af90000)]
  0x00000000168b8000 JavaThread "Daemon worker Thread 2" [_thread_in_Java, id=14092, stack(0x000000001ad90000,0x000000001ae90000)]
  0x00000000168b3800 JavaThread "Cancel handler" [_thread_blocked, id=3792, stack(0x000000001aa90000,0x000000001ab90000)]
  0x00000000168ba800 JavaThread "Handler for socket connection from /127.0.0.1:51270 to /127.0.0.1:63678" [_thread_in_native, id=15228, stack(0x000000001a990000,0x000000001aa90000)]
  0x00000000168b6800 JavaThread "Daemon Thread 2" [_thread_blocked, id=3724, stack(0x000000001a890000,0x000000001a990000)]
  0x00000000168b4800 JavaThread "Cache worker for execution history cache (C:\Users\touli\.gradle\caches\6.2\executionHistory)" [_thread_blocked, id=15400, stack(0x000000001e140000,0x000000001e240000)]
  0x00000000168b7800 JavaThread "Cache worker for file hash cache (C:\Users\touli\.gradle\caches\6.2\fileHashes)" [_thread_blocked, id=4408, stack(0x000000001b690000,0x000000001b790000)]
  0x00000000168b9800 JavaThread "File lock request listener" [_thread_in_native, id=7280, stack(0x000000001b590000,0x000000001b690000)]
  0x0000000017f62800 JavaThread "Cache worker for journal cache (C:\Users\touli\.gradle\caches\journal-1)" [_thread_blocked, id=2408, stack(0x000000001b490000,0x000000001b590000)]
  0x00000000192f0800 JavaThread "Daemon periodic checks" [_thread_blocked, id=1796, stack(0x000000001a790000,0x000000001a890000)]
  0x00000000192a6000 JavaThread "Incoming local TCP Connector on port 51270" [_thread_in_native, id=2012, stack(0x000000001a550000,0x000000001a650000)]
  0x00000000191c8000 JavaThread "Daemon health stats" [_thread_blocked, id=11028, stack(0x0000000019f10000,0x000000001a010000)]
  0x000000001693d000 JavaThread "Service Thread" daemon [_thread_blocked, id=17008, stack(0x0000000017570000,0x0000000017670000)]
  0x00000000168b9000 JavaThread "C1 CompilerThread3" daemon [_thread_in_vm, id=884, stack(0x0000000017470000,0x0000000017570000)]
=>0x00000000168ab800 JavaThread "C2 CompilerThread2" daemon [_thread_in_native, id=2668, stack(0x0000000017370000,0x0000000017470000)]
  0x00000000168a5800 JavaThread "C2 CompilerThread1" daemon [_thread_in_native, id=3964, stack(0x0000000017270000,0x0000000017370000)]
  0x00000000168a2800 JavaThread "C2 CompilerThread0" daemon [_thread_in_vm, id=13772, stack(0x0000000017170000,0x0000000017270000)]
  0x00000000168a0800 JavaThread "Attach Listener" daemon [_thread_blocked, id=6972, stack(0x0000000017070000,0x0000000017170000)]
  0x000000001689f000 JavaThread "Signal Dispatcher" daemon [_thread_blocked, id=7868, stack(0x0000000016f70000,0x0000000017070000)]
  0x0000000016890800 JavaThread "Finalizer" daemon [_thread_blocked, id=18184, stack(0x0000000016d70000,0x0000000016e70000)]
  0x00000000032d6800 JavaThread "Reference Handler" daemon [_thread_blocked, id=816, stack(0x0000000016c70000,0x0000000016d70000)]
  0x00000000031e2800 JavaThread "main" [_thread_blocked, id=17452, stack(0x00000000015e0000,0x00000000016e0000)]

Other Threads:
  0x0000000014a97000 VMThread [stack: 0x0000000016770000,0x0000000016870000] [id=936]
  0x00000000168cf000 WatcherThread [stack: 0x0000000017670000,0x0000000017770000] [id=18192]

VM state:not at safepoint (normal execution)

VM Mutex/Monitor currently owned by a thread: None

heap address: 0x00000000e0000000, size: 512 MB, Compressed Oops mode: 32-bit
Narrow klass base: 0x0000000000000000, Narrow klass shift: 3
Compressed class space size: 1073741824 Address: 0x0000000100000000

Heap:
 PSYoungGen      total 110592K, used 24792K [0x00000000f5580000, 0x00000000fd300000, 0x0000000100000000)
  eden space 98304K, 12% used [0x00000000f5580000,0x00000000f61b8028,0x00000000fb580000)
  from space 12288K, 99% used [0x00000000fc700000,0x00000000fd2fe368,0x00000000fd300000)
  to   space 12288K, 0% used [0x00000000fb580000,0x00000000fb580000,0x00000000fc180000)
 ParOldGen       total 175104K, used 16003K [0x00000000e0000000, 0x00000000eab00000, 0x00000000f5580000)
  object space 175104K, 9% used [0x00000000e0000000,0x00000000e0fa0f68,0x00000000eab00000)
 Metaspace       used 45884K, capacity 47584K, committed 47784K, reserved 1091584K
  class space    used 6072K, capacity 6535K, committed 6576K, reserved 1048576K

Card table byte_map: [0x00000000126a0000,0x00000000127b0000] byte_map_base: 0x0000000011fa0000

Marking Bits: (ParMarkBitMap*) 0x00000000594dbe90
 Begin Bits: [0x0000000012fb0000, 0x00000000137b0000)
 End Bits:   [0x00000000137b0000, 0x0000000013fb0000)

Polling page: 0x0000000000f30000

CodeCache: size=245760Kb used=13766Kb max_used=13935Kb free=231993Kb
 bounds [0x00000000032e0000, 0x0000000004090000, 0x00000000122e0000]
 total_blobs=4956 nmethods=4192 adapters=676
 compilation: enabled

Compilation events (10 events):
Event: 1104.561 Thread 0x00000000168b9000 4686       3       java.lang.invoke.MethodType::parameterSlotCount (8 bytes)
Event: 1104.561 Thread 0x00000000168b9000 nmethod 4686 0x0000000003655190 code [0x0000000003655300, 0x00000000036555b0]
Event: 1104.561 Thread 0x00000000168b9000 4687       3       java.lang.invoke.MethodTypeForm::parameterSlotCount (9 bytes)
Event: 1104.561 Thread 0x00000000168b9000 nmethod 4687 0x0000000003815d10 code [0x0000000003815e80, 0x0000000003816050]
Event: 1104.566 Thread 0x00000000168ab800 4688       4       java.net.URLClassLoader$1::run (5 bytes)
Event: 1104.570 Thread 0x00000000168b9000 4689       1       org.gradle.internal.event.DefaultListenerManager::access$100 (5 bytes)
Event: 1104.570 Thread 0x00000000168a2800 4690       4       java.util.LinkedHashMap$LinkedValueIterator::next (8 bytes)
Event: 1104.570 Thread 0x00000000168b9000 nmethod 4689 0x0000000003e32690 code [0x0000000003e327e0, 0x0000000003e328d0]
Event: 1104.571 Thread 0x00000000168a2800 nmethod 4690 0x0000000003a169d0 code [0x0000000003a16b00, 0x0000000003a16bd8]
Event: 1104.581 Thread 0x00000000168a2800 4691   !   4       java.net.URLClassLoader$1::run (63 bytes)

GC Heap History (10 events):
Event: 714.904 GC heap before
{Heap before GC invocations=6 (full 1):
 PSYoungGen      total 76288K, used 65536K [0x00000000f5580000, 0x00000000fea80000, 0x0000000100000000)
  eden space 65536K, 100% used [0x00000000f5580000,0x00000000f9580000,0x00000000f9580000)
  from space 10752K, 0% used [0x00000000fa000000,0x00000000fa000000,0x00000000faa80000)
  to   space 10752K, 0% used [0x00000000f9580000,0x00000000f9580000,0x00000000fa000000)
 ParOldGen       total 175104K, used 7342K [0x00000000e0000000, 0x00000000eab00000, 0x00000000f5580000)
  object space 175104K, 4% used [0x00000000e0000000,0x00000000e072b818,0x00000000eab00000)
 Metaspace       used 30016K, capacity 30772K, committed 30896K, reserved 1075200K
  class space    used 4036K, capacity 4258K, committed 4272K, reserved 1048576K
Event: 715.228 GC heap after
Heap after GC invocations=6 (full 1):
 PSYoungGen      total 76288K, used 8648K [0x00000000f5580000, 0x00000000fcf00000, 0x0000000100000000)
  eden space 65536K, 0% used [0x00000000f5580000,0x00000000f5580000,0x00000000f9580000)
  from space 10752K, 80% used [0x00000000f9580000,0x00000000f9df21e0,0x00000000fa000000)
  to   space 11776K, 0% used [0x00000000fc380000,0x00000000fc380000,0x00000000fcf00000)
 ParOldGen       total 175104K, used 7350K [0x00000000e0000000, 0x00000000eab00000, 0x00000000f5580000)
  object space 175104K, 4% used [0x00000000e0000000,0x00000000e072d818,0x00000000eab00000)
 Metaspace       used 30016K, capacity 30772K, committed 30896K, reserved 1075200K
  class space    used 4036K, capacity 4258K, committed 4272K, reserved 1048576K
}
Event: 1098.292 GC heap before
{Heap before GC invocations=7 (full 1):
 PSYoungGen      total 76288K, used 73403K [0x00000000f5580000, 0x00000000fcf00000, 0x0000000100000000)
  eden space 65536K, 98% used [0x00000000f5580000,0x00000000f94bcd38,0x00000000f9580000)
  from space 10752K, 80% used [0x00000000f9580000,0x00000000f9df21e0,0x00000000fa000000)
  to   space 11776K, 0% used [0x00000000fc380000,0x00000000fc380000,0x00000000fcf00000)
 ParOldGen       total 175104K, used 7350K [0x00000000e0000000, 0x00000000eab00000, 0x00000000f5580000)
  object space 175104K, 4% used [0x00000000e0000000,0x00000000e072d818,0x00000000eab00000)
 Metaspace       used 34287K, capacity 35262K, committed 35496K, reserved 1079296K
  class space    used 4486K, capacity 4762K, committed 4784K, reserved 1048576K
Event: 1098.358 GC heap after
Heap after GC invocations=7 (full 1):
 PSYoungGen      total 74752K, used 9838K [0x00000000f5580000, 0x00000000fcd80000, 0x0000000100000000)
  eden space 64512K, 0% used [0x00000000f5580000,0x00000000f5580000,0x00000000f9480000)
  from space 10240K, 96% used [0x00000000fc380000,0x00000000fcd1b8d8,0x00000000fcd80000)
  to   space 12288K, 0% used [0x00000000fb580000,0x00000000fb580000,0x00000000fc180000)
 ParOldGen       total 175104K, used 7358K [0x00000000e0000000, 0x00000000eab00000, 0x00000000f5580000)
  object space 175104K, 4% used [0x00000000e0000000,0x00000000e072f818,0x00000000eab00000)
 Metaspace       used 34287K, capacity 35262K, committed 35496K, reserved 1079296K
  class space    used 4486K, capacity 4762K, committed 4784K, reserved 1048576K
}
Event: 1098.358 GC heap before
{Heap before GC invocations=8 (full 2):
 PSYoungGen      total 74752K, used 9838K [0x00000000f5580000, 0x00000000fcd80000, 0x0000000100000000)
  eden space 64512K, 0% used [0x00000000f5580000,0x00000000f5580000,0x00000000f9480000)
  from space 10240K, 96% used [0x00000000fc380000,0x00000000fcd1b8d8,0x00000000fcd80000)
  to   space 12288K, 0% used [0x00000000fb580000,0x00000000fb580000,0x00000000fc180000)
 ParOldGen       total 175104K, used 7358K [0x00000000e0000000, 0x00000000eab00000, 0x00000000f5580000)
  object space 175104K, 4% used [0x00000000e0000000,0x00000000e072f818,0x00000000eab00000)
 Metaspace       used 34287K, capacity 35262K, committed 35496K, reserved 1079296K
  class space    used 4486K, capacity 4762K, committed 4784K, reserved 1048576K
Event: 1098.803 GC heap after
Heap after GC invocations=8 (full 2):
 PSYoungGen      total 74752K, used 0K [0x00000000f5580000, 0x00000000fcd80000, 0x0000000100000000)
  eden space 64512K, 0% used [0x00000000f5580000,0x00000000f5580000,0x00000000f9480000)
  from space 10240K, 0% used [0x00000000fc380000,0x00000000fc380000,0x00000000fcd80000)
  to   space 12288K, 0% used [0x00000000fb580000,0x00000000fb580000,0x00000000fc180000)
 ParOldGen       total 175104K, used 15188K [0x00000000e0000000, 0x00000000eab00000, 0x00000000f5580000)
  object space 175104K, 8% used [0x00000000e0000000,0x00000000e0ed5290,0x00000000eab00000)
 Metaspace       used 34089K, capacity 34924K, committed 35496K, reserved 1079296K
  class space    used 4448K, capacity 4690K, committed 4784K, reserved 1048576K
}
Event: 1100.973 GC heap before
{Heap before GC invocations=9 (full 2):
 PSYoungGen      total 74752K, used 64512K [0x00000000f5580000, 0x00000000fcd80000, 0x0000000100000000)
  eden space 64512K, 100% used [0x00000000f5580000,0x00000000f9480000,0x00000000f9480000)
  from space 10240K, 0% used [0x00000000fc380000,0x00000000fc380000,0x00000000fcd80000)
  to   space 12288K, 0% used [0x00000000fb580000,0x00000000fb580000,0x00000000fc180000)
 ParOldGen       total 175104K, used 15188K [0x00000000e0000000, 0x00000000eab00000, 0x00000000f5580000)
  object space 175104K, 8% used [0x00000000e0000000,0x00000000e0ed5290,0x00000000eab00000)
 Metaspace       used 36899K, capacity 37856K, committed 38056K, reserved 1081344K
  class space    used 4940K, capacity 5237K, committed 5296K, reserved 1048576K
Event: 1100.990 GC heap after
Heap after GC invocations=9 (full 2):
 PSYoungGen      total 110592K, used 5619K [0x00000000f5580000, 0x00000000fd300000, 0x0000000100000000)
  eden space 98304K, 0% used [0x00000000f5580000,0x00000000f5580000,0x00000000fb580000)
  from space 12288K, 45% used [0x00000000fb580000,0x00000000fbafce58,0x00000000fc180000)
  to   space 12288K, 0% used [0x00000000fc700000,0x00000000fc700000,0x00000000fd300000)
 ParOldGen       total 175104K, used 15196K [0x00000000e0000000, 0x00000000eab00000, 0x00000000f5580000)
  object space 175104K, 8% used [0x00000000e0000000,0x00000000e0ed7290,0x00000000eab00000)
 Metaspace       used 36899K, capacity 37856K, committed 38056K, reserved 1081344K
  class space    used 4940K, capacity 5237K, committed 5296K, reserved 1048576K
}
Event: 1104.316 GC heap before
{Heap before GC invocations=10 (full 2):
 PSYoungGen      total 110592K, used 103923K [0x00000000f5580000, 0x00000000fd300000, 0x0000000100000000)
  eden space 98304K, 100% used [0x00000000f5580000,0x00000000fb580000,0x00000000fb580000)
  from space 12288K, 45% used [0x00000000fb580000,0x00000000fbafce58,0x00000000fc180000)
  to   space 12288K, 0% used [0x00000000fc700000,0x00000000fc700000,0x00000000fd300000)
 ParOldGen       total 175104K, used 15196K [0x00000000e0000000, 0x00000000eab00000, 0x00000000f5580000)
  object space 175104K, 8% used [0x00000000e0000000,0x00000000e0ed7290,0x00000000eab00000)
 Metaspace       used 44785K, capacity 46246K, committed 46632K, reserved 1089536K
  class space    used 5925K, capacity 6338K, committed 6448K, reserved 1048576K
Event: 1104.335 GC heap after
Heap after GC invocations=10 (full 2):
 PSYoungGen      total 110592K, used 12280K [0x00000000f5580000, 0x00000000fd300000, 0x0000000100000000)
  eden space 98304K, 0% used [0x00000000f5580000,0x00000000f5580000,0x00000000fb580000)
  from space 12288K, 99% used [0x00000000fc700000,0x00000000fd2fe368,0x00000000fd300000)
  to   space 12288K, 0% used [0x00000000fb580000,0x00000000fb580000,0x00000000fc180000)
 ParOldGen       total 175104K, used 16003K [0x00000000e0000000, 0x00000000eab00000, 0x00000000f5580000)
  object space 175104K, 9% used [0x00000000e0000000,0x00000000e0fa0f68,0x00000000eab00000)
 Metaspace       used 44785K, capacity 46246K, committed 46632K, reserved 1089536K
  class space    used 5925K, capacity 6338K, committed 6448K, reserved 1048576K
}

Deoptimization events (10 events):
Event: 1103.276 Thread 0x00000000168b8000 Uncommon trap: reason=class_check action=maybe_recompile pc=0x0000000003fb1a20 method=java.io.BufferedInputStream.read1([BII)I @ 39
Event: 1103.276 Thread 0x00000000168b8000 Uncommon trap: reason=class_check action=maybe_recompile pc=0x0000000003fb1a20 method=java.io.BufferedInputStream.read1([BII)I @ 39
Event: 1103.280 Thread 0x00000000168b8000 Uncommon trap: reason=unstable_if action=reinterpret pc=0x0000000003451b90 method=java.util.regex.Pattern.has(I)Z @ 6
Event: 1103.351 Thread 0x00000000168b8000 Uncommon trap: reason=bimorphic action=maybe_recompile pc=0x0000000003ea5184 method=java.util.Objects.equals(Ljava/lang/Object;Ljava/lang/Object;)Z @ 11
Event: 1103.351 Thread 0x00000000168b8000 Uncommon trap: reason=bimorphic action=maybe_recompile pc=0x0000000003ea5184 method=java.util.Objects.equals(Ljava/lang/Object;Ljava/lang/Object;)Z @ 11
Event: 1103.376 Thread 0x00000000168b8000 Uncommon trap: reason=bimorphic action=maybe_recompile pc=0x00000000034a4aa4 method=java.util.AbstractCollection.addAll(Ljava/util/Collection;)Z @ 29
Event: 1103.446 Thread 0x00000000168b8000 Uncommon trap: reason=predicate action=maybe_recompile pc=0x0000000003dda948 method=java.util.Arrays.binarySearch0([Ljava/lang/Object;IILjava/lang/Object;Ljava/util/Comparator;)I @ 28
Event: 1103.525 Thread 0x00000000168b8000 Uncommon trap: reason=class_check action=maybe_recompile pc=0x0000000003fb1a20 method=java.io.BufferedInputStream.read1([BII)I @ 39
Event: 1103.526 Thread 0x00000000168b8000 Uncommon trap: reason=unstable_if action=reinterpret pc=0x0000000003eef174 method=java.security.CodeSource.hashCode()I @ 4
Event: 1103.526 Thread 0x00000000168b8000 Uncommon trap: reason=unstable_if action=reinterpret pc=0x0000000003e54b08 method=java.security.CodeSource.hashCode()I @ 4

Classes redefined (0 events):
No events

Internal exceptions (10 events):
Event: 1102.852 Thread 0x00000000168b8000 Exception <a 'java/lang/ClassNotFoundException': org/gradle/api/internal/artifacts/repositories/AbstractArtifactRepositoryCustomizer> (0x00000000f8f45898) thrown at [C:\cygwin64\tmp\build\source\java-1.8.0-openjdk\tmp\jdk8u\hotspot\src\share\vm\classfile\
Event: 1102.858 Thread 0x00000000168b8000 Exception <a 'java/lang/ClassNotFoundException': org/gradle/api/internal/artifacts/repositories/AbstractResolutionAwareArtifactRepositoryCustomizer> (0x00000000f8fe17a8) thrown at [C:\cygwin64\tmp\build\source\java-1.8.0-openjdk\tmp\jdk8u\hotspot\src\shar
Event: 1102.861 Thread 0x00000000168b8000 Exception <a 'java/lang/ClassNotFoundException': org/gradle/api/internal/artifacts/repositories/AbstractAuthenticationSupportedRepositoryCustomizer> (0x00000000f90646d8) thrown at [C:\cygwin64\tmp\build\source\java-1.8.0-openjdk\tmp\jdk8u\hotspot\src\shar
Event: 1102.864 Thread 0x00000000168b8000 Exception <a 'java/lang/ClassNotFoundException': org/gradle/api/internal/artifacts/repositories/DefaultMavenArtifactRepositoryCustomizer> (0x00000000f90e9b20) thrown at [C:\cygwin64\tmp\build\source\java-1.8.0-openjdk\tmp\jdk8u\hotspot\src\share\vm\classf
Event: 1102.868 Thread 0x00000000168b8000 Exception <a 'java/lang/ClassNotFoundException': org/gradle/api/internal/artifacts/repositories/DefaultMavenArtifactRepository_DecoratedCustomizer> (0x00000000f9180100) thrown at [C:\cygwin64\tmp\build\source\java-1.8.0-openjdk\tmp\jdk8u\hotspot\src\share
Event: 1103.002 Thread 0x00000000168b8000 Exception <a 'java/lang/ClassNotFoundException': build_cbrvxu7m5bu4aw3a57nsxt3f1BeanInfo> (0x00000000f936c048) thrown at [C:\cygwin64\tmp\build\source\java-1.8.0-openjdk\tmp\jdk8u\hotspot\src\share\vm\classfile\systemDictionary.cpp, line 215]
Event: 1103.003 Thread 0x00000000168b8000 Exception <a 'java/lang/ClassNotFoundException': build_cbrvxu7m5bu4aw3a57nsxt3f1Customizer> (0x00000000f9379308) thrown at [C:\cygwin64\tmp\build\source\java-1.8.0-openjdk\tmp\jdk8u\hotspot\src\share\vm\classfile\systemDictionary.cpp, line 215]
Event: 1103.503 Thread 0x00000000168b8000 Exception <a 'java/lang/ClassNotFoundException': jdk/management/jfr/internal/FlightRecorderMXBeanProvider> (0x00000000f9da1340) thrown at [C:\cygwin64\tmp\build\source\java-1.8.0-openjdk\tmp\jdk8u\hotspot\src\share\vm\classfile\systemDictionary.cpp, line 
Event: 1103.526 Thread 0x00000000168b8000 Implicit null exception at 0x0000000003eebb30 to 0x0000000003eef149
Event: 1103.526 Thread 0x00000000168b8000 Implicit null exception at 0x0000000003e54815 to 0x0000000003e54af9

Events (10 events):
Event: 1104.578 loading class org/gradle/api/internal/artifacts/transform/TransformationNode$ChainedTransformationNode
Event: 1104.578 loading class org/gradle/api/internal/artifacts/transform/TransformationNode$ChainedTransformationNode done
Event: 1104.580 loading class org/gradle/api/internal/plugins/UploadRule
Event: 1104.580 loading class org/gradle/api/internal/plugins/UploadRule done
Event: 1104.581 loading class org/gradle/api/plugins/BasePlugin$2
Event: 1104.581 loading class org/gradle/api/plugins/BasePlugin$2 done
Event: 1104.582 loading class org/gradle/api/internal/artifacts/ivyservice/projectmodule/ProjectPublication
Event: 1104.582 loading class org/gradle/api/internal/artifacts/ivyservice/projectmodule/ProjectPublication done
Event: 1104.583 loading class org/gradle/api/internal/tasks/DefaultRealizableTaskCollection
Event: 1104.583 loading class org/gradle/api/internal/tasks/DefaultRealizableTaskCollection done


Dynamic libraries:
0x00007ff623a90000 - 0x00007ff623ac5000 	C:\Program Files\OpenJDK\openjdk-8u262-b10\bin\java.exe
0x00007fff5aa10000 - 0x00007fff5ac05000 	C:\WINDOWS\SYSTEM32\ntdll.dll
0x00007fff59da0000 - 0x00007fff59e5d000 	C:\WINDOWS\System32\KERNEL32.DLL
0x00007fff58390000 - 0x00007fff58658000 	C:\WINDOWS\System32\KERNELBASE.dll
0x00007fff258f0000 - 0x00007fff259e1000 	C:\Program Files\Bitdefender Antivirus Free\atcuf\265248989654672646\atcuf64.dll
0x00007fff59580000 - 0x00007fff5962c000 	C:\WINDOWS\System32\ADVAPI32.dll
0x00007fff5a0b0000 - 0x00007fff5a14e000 	C:\WINDOWS\System32\msvcrt.dll
0x00007fff59c90000 - 0x00007fff59d2b000 	C:\WINDOWS\System32\sechost.dll
0x00007fff58a80000 - 0x00007fff58bab000 	C:\WINDOWS\System32\RPCRT4.dll
0x00007fff59e80000 - 0x00007fff5a020000 	C:\WINDOWS\System32\USER32.dll
0x00007fff587f0000 - 0x00007fff58812000 	C:\WINDOWS\System32\win32u.dll
0x00007fff59630000 - 0x00007fff5965a000 	C:\WINDOWS\System32\GDI32.dll
0x00007fff58150000 - 0x00007fff5825b000 	C:\WINDOWS\System32\gdi32full.dll
0x00007fff58260000 - 0x00007fff582fd000 	C:\WINDOWS\System32\msvcp_win.dll
0x00007fff58930000 - 0x00007fff58a30000 	C:\WINDOWS\System32\ucrtbase.dll
0x00007fff47fe0000 - 0x00007fff4827a000 	C:\WINDOWS\WinSxS\amd64_microsoft.windows.common-controls_6595b64144ccf1df_6.0.19041.1052_none_60b8f8fd71f5e8cb\COMCTL32.dll
0x00007fff5a020000 - 0x00007fff5a050000 	C:\WINDOWS\System32\IMM32.DLL
0x0000000059560000 - 0x0000000059632000 	C:\Program Files\OpenJDK\openjdk-8u262-b10\jre\bin\msvcr100.dll
0x0000000058d30000 - 0x0000000059558000 	C:\Program Files\OpenJDK\openjdk-8u262-b10\jre\bin\server\jvm.dll
0x00007fff59d90000 - 0x00007fff59d98000 	C:\WINDOWS\System32\PSAPI.DLL
0x00007fff45a40000 - 0x00007fff45a49000 	C:\WINDOWS\SYSTEM32\WSOCK32.dll
0x00007fff59740000 - 0x00007fff597ab000 	C:\WINDOWS\System32\WS2_32.dll
0x00007fff4e420000 - 0x00007fff4e447000 	C:\WINDOWS\SYSTEM32\WINMM.dll
0x00007fff51090000 - 0x00007fff5109a000 	C:\WINDOWS\SYSTEM32\VERSION.dll
0x00007fff3ba40000 - 0x00007fff3ba4f000 	C:\Program Files\OpenJDK\openjdk-8u262-b10\jre\bin\verify.dll
0x00007fff38330000 - 0x00007fff38359000 	C:\Program Files\OpenJDK\openjdk-8u262-b10\jre\bin\java.dll
0x00007fff3af30000 - 0x00007fff3af46000 	C:\Program Files\OpenJDK\openjdk-8u262-b10\jre\bin\zip.dll
0x00007fff5a1e0000 - 0x00007fff5a91f000 	C:\WINDOWS\System32\SHELL32.dll
0x00007fff562a0000 - 0x00007fff56a30000 	C:\WINDOWS\SYSTEM32\windows.storage.dll
0x00007fff59930000 - 0x00007fff59c85000 	C:\WINDOWS\System32\combase.dll
0x00007fff57af0000 - 0x00007fff57b1c000 	C:\WINDOWS\SYSTEM32\Wldp.dll
0x00007fff59450000 - 0x00007fff594fe000 	C:\WINDOWS\System32\SHCORE.dll
0x00007fff59020000 - 0x00007fff59075000 	C:\WINDOWS\System32\shlwapi.dll
0x00007fff58090000 - 0x00007fff580af000 	C:\WINDOWS\SYSTEM32\profapi.dll
0x00007fff39680000 - 0x00007fff3969a000 	C:\Program Files\OpenJDK\openjdk-8u262-b10\jre\bin\net.dll
0x00007fff57860000 - 0x00007fff578ca000 	C:\WINDOWS\system32\mswsock.dll
0x00007fff39300000 - 0x00007fff39312000 	C:\Program Files\OpenJDK\openjdk-8u262-b10\jre\bin\nio.dll
0x00007fff37790000 - 0x00007fff377ba000 	C:\Users\touli\.gradle\native\36\windows-amd64\native-platform.dll
0x00007fff3ae70000 - 0x00007fff3ae7d000 	C:\Program Files\OpenJDK\openjdk-8u262-b10\jre\bin\management.dll
0x00007fff57a30000 - 0x00007fff57a48000 	C:\WINDOWS\SYSTEM32\CRYPTSP.dll
0x00007fff57200000 - 0x00007fff57234000 	C:\WINDOWS\system32\rsaenh.dll
0x00007fff58660000 - 0x00007fff58687000 	C:\WINDOWS\System32\bcrypt.dll
0x00007fff58050000 - 0x00007fff5807e000 	C:\WINDOWS\SYSTEM32\USERENV.dll
0x00007fff58300000 - 0x00007fff58383000 	C:\WINDOWS\System32\bcryptprimitives.dll
0x00007fff57a50000 - 0x00007fff57a5c000 	C:\WINDOWS\SYSTEM32\CRYPTBASE.dll
0x00007fff57550000 - 0x00007fff5758b000 	C:\WINDOWS\SYSTEM32\IPHLPAPI.DLL
0x00007fff59310000 - 0x00007fff59318000 	C:\WINDOWS\System32\NSI.dll
0x00007fff4ee10000 - 0x00007fff4ee27000 	C:\WINDOWS\SYSTEM32\dhcpcsvc6.DLL
0x00007fff506b0000 - 0x00007fff506cd000 	C:\WINDOWS\SYSTEM32\dhcpcsvc.DLL
0x00007fff57590000 - 0x00007fff5765c000 	C:\WINDOWS\SYSTEM32\DNSAPI.dll

VM Arguments:
jvm_args: -XX:MaxMetaspaceSize=256m -XX:+HeapDumpOnOutOfMemoryError -Xms256m -Xmx512m -Dfile.encoding=windows-1252 -Duser.country=US -Duser.language=en -Duser.variant 
java_command: org.gradle.launcher.daemon.bootstrap.GradleDaemon 6.2
java_class_path (initial): C:\Users\touli\.gradle\wrapper\dists\gradle-6.2-all\dvufqs6kielxeao781pmk5huj\gradle-6.2\lib\gradle-launcher-6.2.jar
Launcher Type: SUN_STANDARD

Environment Variables:
JAVA_HOME=C:\Program Files\OpenJDK\openjdk-8u262-b10
CLASSPATH=C:\Users\touli\Documents\GitHub\ToulisApp\android\\gradle\wrapper\gradle-wrapper.jar
PATH=C:\Users\touli\Documents\GitHub\ToulisApp\android\node_modules\.bin;C:\Users\touli\Documents\GitHub\ToulisApp\node_modules\.bin;C:\Users\touli\Documents\GitHub\node_modules\.bin;C:\Users\touli\Documents\node_modules\.bin;C:\Users\touli\node_modules\.bin;C:\Users\node_modules\.bin;C:\node_modules\.bin;C:\Program Files\nodejs;C:\Users\touli\Documents\GitHub\ToulisApp\node_modules\.bin;C:\Python38\Scripts\;C:\Python38\;C:\Program Files (x86)\Common Files\Oracle\Java\javapath;C:\WINDOWS\system32;C:\WINDOWS;C:\WINDOWS\System32\Wbem;C:\WINDOWS\System32\WindowsPowerShell\v1.0\;C:\WINDOWS\System32\OpenSSH\;C:\ProgramData\chocolatey\bin;C:\Program Files\nodejs\;C:\Program Files\OpenJDK\openjdk-8u262-b10\bin;C:\Program Files (x86)\Yarn\bin\;C:\Users\touli\AppData\Local\Microsoft\WindowsApps;C:\Users\touli\AppData\Local\Programs\Microsoft VS Code\bin;C:\Users\touli\AppData\Roaming\npm;C:\Users\touli\AppData\Local\Android\Sdk\platform-tools;C:\Users\touli\AppData\Local\Yarn\bin;C:\Users\touli\AppData\Local\Programs\Python\Python38\Scripts\;C:\Users\touli\AppData\Local\GitHubDesktop\bin
USERNAME=touli
OS=Windows_NT
PROCESSOR_IDENTIFIER=AMD64 Family 23 Model 24 Stepping 1, AuthenticAMD



---------------  S Y S T E M  ---------------

OS: Windows 10.0 , 64 bit Build 19041 (10.0.19041.1023)

CPU:total 8 (initial active 8) (8 cores per cpu, 1 threads per core) family 23 model 24 stepping 1, cmov, cx8, fxsr, mmx, sse, sse2, sse3, ssse3, sse4.1, sse4.2, popcnt, avx, avx2, aes, clmul, mmxext, 3dnowpref, lzcnt, sse4a, tsc, tscinvbit, tscinv, bmi1

Memory: 4k page, physical 6228620k(415012k free), swap 25102988k(0k free)

vm_info: OpenJDK 64-Bit Server VM (25.262-b10) for windows-amd64 JRE (1.8.0_262-b10), built on Jul 13 2020 11:27:33 by "build" with MS VC++ 10.0 (VS2010)

time: Thu Jun 24 13:40:25 2021
timezone: GTB Summer Time
elapsed time: 1104 seconds (0d 0h 18m 24s)

