#
# There is insufficient memory for the Java Runtime Environment to continue.
# Native memory allocation (malloc) failed to allocate 385136 bytes for Chunk::new
# Possible reasons:
#   The system is out of physical RAM or swap space
#   The process is running with CompressedOops enabled, and the Java Heap may be blocking the growth of the native heap
# Possible solutions:
#   Reduce memory load on the system
#   Increase physical memory or swap space
#   Check if swap backing store is full
#   Decrease Java heap size (-Xmx/-Xms)
#   Decrease number of Java threads
#   Decrease Java thread stack sizes (-Xss)
#   Set larger code cache with -XX:ReservedCodeCacheSize=
#   JVM is running with Unscaled Compressed Oops mode in which the Java heap is
#     placed in the first 4GB address space. The Java Heap base address is the
#     maximum limit for the native heap growth. Please use -XX:HeapBaseMinAddress
#     to set the Java Heap base and to place the Java Heap above 4GB virtual address.
# This output file may be truncated or incomplete.
#
#  Out of Memory Error (allocation.cpp:389), pid=17172, tid=0x0000000000000f10
#
# JRE version: OpenJDK Runtime Environment (8.0_262-b10) (build 1.8.0_262-b10)
# Java VM: OpenJDK 64-Bit Server VM (25.262-b10 mixed mode windows-amd64 compressed oops)
# Failed to write core dump. Minidumps are not enabled by default on client versions of Windows
#

---------------  T H R E A D  ---------------

Current thread (0x0000000016a6f800):  JavaThread "C2 CompilerThread2" daemon [_thread_in_native, id=3856, stack(0x0000000017530000,0x0000000017630000)]

Stack: [0x0000000017530000,0x0000000017630000]
[error occurred during error reporting (printing stack bounds), id 0xc0000005]

Native frames: (J=compiled Java code, j=interpreted, Vv=VM code, C=native code)


Current CompileTask:
C2:   2642 1336   !   4       java.lang.ClassLoader::loadClass (122 bytes)


---------------  P R O C E S S  ---------------

Java Threads: ( => current thread )
  0x00000000195a5000 JavaThread "Thread-9" [_thread_blocked, id=17252, stack(0x000000001b350000,0x000000001b450000)]
  0x00000000195a2000 JavaThread "Stdin handler" [_thread_blocked, id=9060, stack(0x000000001b250000,0x000000001b350000)]
  0x0000000019597000 JavaThread "Asynchronous log dispatcher for DefaultDaemonConnection: socket connection from /127.0.0.1:60229 to /127.0.0.1:60230" [_thread_blocked, id=16700, stack(0x000000001b050000,0x000000001b150000)]
  0x0000000019565800 JavaThread "Daemon worker" [_thread_in_native, id=8764, stack(0x000000001af50000,0x000000001b050000)]
  0x0000000019565000 JavaThread "Cancel handler" [_thread_blocked, id=8952, stack(0x000000001ac50000,0x000000001ad50000)]
  0x0000000019564000 JavaThread "Handler for socket connection from /127.0.0.1:60229 to /127.0.0.1:60230" [_thread_in_native, id=12520, stack(0x000000001ab50000,0x000000001ac50000)]
  0x00000000194b8800 JavaThread "Daemon" [_thread_blocked, id=7504, stack(0x000000001aa50000,0x000000001ab50000)]
  0x0000000019487800 JavaThread "Daemon periodic checks" [_thread_blocked, id=13404, stack(0x000000001a950000,0x000000001aa50000)]
  0x0000000019484800 JavaThread "Incoming local TCP Connector on port 60229" [_thread_in_native, id=2632, stack(0x000000001a710000,0x000000001a810000)]
  0x0000000019509000 JavaThread "Daemon health stats" [_thread_blocked, id=3660, stack(0x000000001a0d0000,0x000000001a1d0000)]
  0x0000000016af3000 JavaThread "Service Thread" daemon [_thread_blocked, id=12908, stack(0x0000000017730000,0x0000000017830000)]
  0x0000000016a7b800 JavaThread "C1 CompilerThread3" daemon [_thread_blocked, id=16780, stack(0x0000000017630000,0x0000000017730000)]
=>0x0000000016a6f800 JavaThread "C2 CompilerThread2" daemon [_thread_in_native, id=3856, stack(0x0000000017530000,0x0000000017630000)]
  0x0000000016a6a800 JavaThread "C2 CompilerThread1" daemon [_thread_blocked, id=14528, stack(0x0000000017430000,0x0000000017530000)]
  0x0000000016a67800 JavaThread "C2 CompilerThread0" daemon [_thread_blocked, id=11840, stack(0x0000000017330000,0x0000000017430000)]
  0x0000000016a61800 JavaThread "Attach Listener" daemon [_thread_blocked, id=8356, stack(0x0000000017230000,0x0000000017330000)]
  0x0000000016a60000 JavaThread "Signal Dispatcher" daemon [_thread_blocked, id=884, stack(0x0000000017130000,0x0000000017230000)]
  0x0000000016a50800 JavaThread "Finalizer" daemon [_thread_blocked, id=16968, stack(0x0000000016f30000,0x0000000017030000)]
  0x0000000014c2c800 JavaThread "Reference Handler" daemon [_thread_blocked, id=916, stack(0x0000000016e30000,0x0000000016f30000)]
  0x0000000003372800 JavaThread "main" [_thread_blocked, id=8296, stack(0x0000000003270000,0x0000000003370000)]

Other Threads:
  0x0000000014c27000 VMThread [stack: 0x0000000016930000,0x0000000016a30000] [id=4204]
  0x0000000016af3800 WatcherThread [stack: 0x0000000017830000,0x0000000017930000] [id=6412]

VM state:not at safepoint (normal execution)

VM Mutex/Monitor currently owned by a thread: None

heap address: 0x00000000e0000000, size: 512 MB, Compressed Oops mode: 32-bit
Narrow klass base: 0x0000000000000000, Narrow klass shift: 3
Compressed class space size: 1073741824 Address: 0x0000000100000000

Heap:
 PSYoungGen      total 76288K, used 54929K [0x00000000f5580000, 0x00000000faa80000, 0x0000000100000000)
  eden space 65536K, 75% used [0x00000000f5580000,0x00000000f85918b0,0x00000000f9580000)
  from space 10752K, 53% used [0x00000000f9580000,0x00000000f9b12d48,0x00000000fa000000)
  to   space 10752K, 0% used [0x00000000fa000000,0x00000000fa000000,0x00000000faa80000)
 ParOldGen       total 175104K, used 16K [0x00000000e0000000, 0x00000000eab00000, 0x00000000f5580000)
  object space 175104K, 0% used [0x00000000e0000000,0x00000000e0004000,0x00000000eab00000)
 Metaspace       used 12465K, capacity 12770K, committed 12928K, reserved 1060864K
  class space    used 1713K, capacity 1829K, committed 1920K, reserved 1048576K

Card table byte_map: [0x0000000012830000,0x0000000012940000] byte_map_base: 0x0000000012130000

Marking Bits: (ParMarkBitMap*) 0x00000000594dbe90
 Begin Bits: [0x0000000013140000, 0x0000000013940000)
 End Bits:   [0x0000000013940000, 0x0000000014140000)

Polling page: 0x00000000011c0000

CodeCache: size=245760Kb used=4836Kb max_used=4850Kb free=240923Kb
 bounds [0x0000000003470000, 0x0000000003930000, 0x0000000012470000]
 total_blobs=1715 nmethods=1343 adapters=286
 compilation: enabled

Compilation events (10 events):
Event: 2.621 Thread 0x0000000016a6a800 1342       4       java.util.ArrayList$Itr::hasNext (20 bytes)
Event: 2.621 Thread 0x0000000016a7b800 1343       3       java.lang.Class::cast (27 bytes)
Event: 2.622 Thread 0x0000000016a7b800 nmethod 1343 0x000000000392afd0 code [0x000000000392b160, 0x000000000392b4d8]
Event: 2.622 Thread 0x0000000016a6a800 nmethod 1342 0x000000000392ad50 code [0x000000000392ae80, 0x000000000392af18]
Event: 2.626 Thread 0x0000000016a6a800 1344       4       sun.reflect.generics.parser.SignatureParser::advance (37 bytes)
Event: 2.626 Thread 0x0000000016a7b800 1345       1       sun.reflect.generics.tree.SimpleClassTypeSignature::getTypeArguments (5 bytes)
Event: 2.626 Thread 0x0000000016a7b800 nmethod 1345 0x000000000392a690 code [0x000000000392a7e0, 0x000000000392a8f0]
Event: 2.626 Thread 0x0000000016a6a800 nmethod 1344 0x000000000392b5d0 code [0x000000000392b700, 0x000000000392b758]
Event: 2.638 Thread 0x0000000016a6a800 1347       4       sun.misc.ASCIICaseInsensitiveComparator::compare (126 bytes)
Event: 2.638 Thread 0x0000000016a67800 nmethod 1339 0x000000000392cd50 code [0x000000000392cf20, 0x000000000392deb8]

GC Heap History (2 events):
Event: 1.456 GC heap before
{Heap before GC invocations=1 (full 0):
 PSYoungGen      total 76288K, used 65536K [0x00000000f5580000, 0x00000000faa80000, 0x0000000100000000)
  eden space 65536K, 100% used [0x00000000f5580000,0x00000000f9580000,0x00000000f9580000)
  from space 10752K, 0% used [0x00000000fa000000,0x00000000fa000000,0x00000000faa80000)
  to   space 10752K, 0% used [0x00000000f9580000,0x00000000f9580000,0x00000000fa000000)
 ParOldGen       total 175104K, used 0K [0x00000000e0000000, 0x00000000eab00000, 0x00000000f5580000)
  object space 175104K, 0% used [0x00000000e0000000,0x00000000e0000000,0x00000000eab00000)
 Metaspace       used 7416K, capacity 7588K, committed 7680K, reserved 1056768K
  class space    used 907K, capacity 979K, committed 1024K, reserved 1048576K
Event: 1.463 GC heap after
Heap after GC invocations=1 (full 0):
 PSYoungGen      total 76288K, used 5707K [0x00000000f5580000, 0x00000000faa80000, 0x0000000100000000)
  eden space 65536K, 0% used [0x00000000f5580000,0x00000000f5580000,0x00000000f9580000)
  from space 10752K, 53% used [0x00000000f9580000,0x00000000f9b12d48,0x00000000fa000000)
  to   space 10752K, 0% used [0x00000000fa000000,0x00000000fa000000,0x00000000faa80000)
 ParOldGen       total 175104K, used 16K [0x00000000e0000000, 0x00000000eab00000, 0x00000000f5580000)
  object space 175104K, 0% used [0x00000000e0000000,0x00000000e0004000,0x00000000eab00000)
 Metaspace       used 7416K, capacity 7588K, committed 7680K, reserved 1056768K
  class space    used 907K, capacity 979K, committed 1024K, reserved 1048576K
}

Deoptimization events (10 events):
Event: 0.603 Thread 0x0000000003372800 Uncommon trap: reason=unstable_if action=reinterpret pc=0x000000000368c238 method=java.lang.String.indexOf([CII[CIII)I @ 3
Event: 1.054 Thread 0x0000000003372800 Uncommon trap: reason=unstable_if action=reinterpret pc=0x000000000369c97c method=java.lang.String.lastIndexOf([CII[CIII)I @ 66
Event: 1.318 Thread 0x0000000003372800 Uncommon trap: reason=null_assert action=make_not_entrant pc=0x0000000003743104 method=java.util.zip.ZipEntry.<init>(Ljava/util/zip/ZipEntry;)V @ 70
Event: 1.571 Thread 0x0000000003372800 Uncommon trap: reason=class_check action=maybe_recompile pc=0x00000000037999dc method=java.util.regex.Matcher.match(II)Z @ 86
Event: 1.708 Thread 0x0000000003372800 Uncommon trap: reason=unstable_if action=reinterpret pc=0x00000000036d2044 method=java.util.HashMap.getNode(ILjava/lang/Object;)Ljava/util/HashMap$Node; @ 129
Event: 1.708 Thread 0x0000000003372800 Uncommon trap: reason=bimorphic action=maybe_recompile pc=0x00000000037381e4 method=java.util.HashMap.putVal(ILjava/lang/Object;Ljava/lang/Object;ZZ)Ljava/lang/Object; @ 203
Event: 2.037 Thread 0x0000000003372800 Uncommon trap: reason=unstable_if action=reinterpret pc=0x0000000003784d68 method=java.io.WinNTFileSystem.normalize(Ljava/lang/String;)Ljava/lang/String; @ 128
Event: 2.498 Thread 0x0000000019565800 Uncommon trap: reason=bimorphic action=maybe_recompile pc=0x0000000003737680 method=java.util.HashMap.putVal(ILjava/lang/Object;Ljava/lang/Object;ZZ)Ljava/lang/Object; @ 253
Event: 2.498 Thread 0x0000000019565800 Uncommon trap: reason=bimorphic action=maybe_recompile pc=0x0000000003737680 method=java.util.HashMap.putVal(ILjava/lang/Object;Ljava/lang/Object;ZZ)Ljava/lang/Object; @ 253
Event: 2.498 Thread 0x0000000019565800 Uncommon trap: reason=bimorphic action=maybe_recompile pc=0x0000000003737680 method=java.util.HashMap.putVal(ILjava/lang/Object;Ljava/lang/Object;ZZ)Ljava/lang/Object; @ 253

Classes redefined (0 events):
No events

Internal exceptions (10 events):
Event: 0.620 Thread 0x0000000003372800 Exception <a 'java/lang/ArrayIndexOutOfBoundsException'> (0x00000000f6842df0) thrown at [C:\cygwin64\tmp\build\source\java-1.8.0-openjdk\tmp\jdk8u\hotspot\src\share\vm\runtime\sharedRuntime.cpp, line 605]
Event: 0.666 Thread 0x0000000003372800 Exception <a 'java/lang/ArrayIndexOutOfBoundsException'> (0x00000000f6b194b8) thrown at [C:\cygwin64\tmp\build\source\java-1.8.0-openjdk\tmp\jdk8u\hotspot\src\share\vm\runtime\sharedRuntime.cpp, line 605]
Event: 0.667 Thread 0x0000000003372800 Exception <a 'java/lang/ArrayIndexOutOfBoundsException'> (0x00000000f6b395d8) thrown at [C:\cygwin64\tmp\build\source\java-1.8.0-openjdk\tmp\jdk8u\hotspot\src\share\vm\runtime\sharedRuntime.cpp, line 605]
Event: 0.668 Thread 0x0000000003372800 Exception <a 'java/lang/ArrayIndexOutOfBoundsException'> (0x00000000f6b46348) thrown at [C:\cygwin64\tmp\build\source\java-1.8.0-openjdk\tmp\jdk8u\hotspot\src\share\vm\runtime\sharedRuntime.cpp, line 605]
Event: 0.668 Thread 0x0000000003372800 Exception <a 'java/lang/ArrayIndexOutOfBoundsException'> (0x00000000f6b48458) thrown at [C:\cygwin64\tmp\build\source\java-1.8.0-openjdk\tmp\jdk8u\hotspot\src\share\vm\runtime\sharedRuntime.cpp, line 605]
Event: 0.668 Thread 0x0000000003372800 Exception <a 'java/lang/ArrayIndexOutOfBoundsException'> (0x00000000f6b53928) thrown at [C:\cygwin64\tmp\build\source\java-1.8.0-openjdk\tmp\jdk8u\hotspot\src\share\vm\runtime\sharedRuntime.cpp, line 605]
Event: 0.669 Thread 0x0000000003372800 Exception <a 'java/lang/ArrayIndexOutOfBoundsException'> (0x00000000f6b62cd8) thrown at [C:\cygwin64\tmp\build\source\java-1.8.0-openjdk\tmp\jdk8u\hotspot\src\share\vm\runtime\sharedRuntime.cpp, line 605]
Event: 0.669 Thread 0x0000000003372800 Exception <a 'java/lang/ArrayIndexOutOfBoundsException'> (0x00000000f6b6ed30) thrown at [C:\cygwin64\tmp\build\source\java-1.8.0-openjdk\tmp\jdk8u\hotspot\src\share\vm\runtime\sharedRuntime.cpp, line 605]
Event: 0.669 Thread 0x0000000003372800 Exception <a 'java/lang/ArrayIndexOutOfBoundsException'> (0x00000000f6b70a18) thrown at [C:\cygwin64\tmp\build\source\java-1.8.0-openjdk\tmp\jdk8u\hotspot\src\share\vm\runtime\sharedRuntime.cpp, line 605]
Event: 2.424 Thread 0x0000000003372800 Exception <a 'java/io/IOException'> (0x00000000f72d5670) thrown at [C:\cygwin64\tmp\build\source\java-1.8.0-openjdk\tmp\jdk8u\hotspot\src\share\vm\prims\jni.cpp, line 711]

Events (10 events):
Event: 2.636 loading class org/gradle/composite/internal/DefaultBuildableCompositeBuildContext
Event: 2.636 loading class org/gradle/composite/internal/DefaultBuildableCompositeBuildContext done
Event: 2.637 loading class org/gradle/cache/internal/DefaultCrossBuildInMemoryCacheFactory
Event: 2.637 loading class org/gradle/cache/internal/DefaultCrossBuildInMemoryCacheFactory done
Event: 2.637 loading class org/gradle/cache/internal/CrossBuildInMemoryCache
Event: 2.637 loading class org/gradle/cache/internal/CrossBuildInMemoryCache done
Event: 2.637 loading class org/gradle/internal/instantiation/generator/DefaultInstantiatorFactory
Event: 2.637 loading class org/gradle/internal/instantiation/generator/DefaultInstantiatorFactory done
Event: 2.638 loading class org/gradle/internal/instantiation/generator/ConstructorSelector
Event: 2.638 loading class org/gradle/internal/instantiation/generator/ConstructorSelector done


Dynamic libraries:
0x00007ff7ebc60000 - 0x00007ff7ebc95000 	C:\Program Files\OpenJDK\openjdk-8u262-b10\bin\java.exe
0x00007fff5aa10000 - 0x00007fff5ac05000 	C:\WINDOWS\SYSTEM32\ntdll.dll
0x00007fff59da0000 - 0x00007fff59e5d000 	C:\WINDOWS\System32\KERNEL32.DLL
0x00007fff58390000 - 0x00007fff58658000 	C:\WINDOWS\System32\KERNELBASE.dll
0x00007fff258f0000 - 0x00007fff259e1000 	C:\Program Files\Bitdefender Antivirus Free\atcuf\265248989654672646\atcuf64.dll
0x00007fff59580000 - 0x00007fff5962c000 	C:\WINDOWS\System32\ADVAPI32.dll
0x00007fff5a0b0000 - 0x00007fff5a14e000 	C:\WINDOWS\System32\msvcrt.dll
0x00007fff59c90000 - 0x00007fff59d2b000 	C:\WINDOWS\System32\sechost.dll
0x00007fff58a80000 - 0x00007fff58bab000 	C:\WINDOWS\System32\RPCRT4.dll
0x00007fff59e80000 - 0x00007fff5a020000 	C:\WINDOWS\System32\USER32.dll
0x00007fff587f0000 - 0x00007fff58812000 	C:\WINDOWS\System32\win32u.dll
0x00007fff59630000 - 0x00007fff5965a000 	C:\WINDOWS\System32\GDI32.dll
0x00007fff58150000 - 0x00007fff5825b000 	C:\WINDOWS\System32\gdi32full.dll
0x00007fff58260000 - 0x00007fff582fd000 	C:\WINDOWS\System32\msvcp_win.dll
0x00007fff58930000 - 0x00007fff58a30000 	C:\WINDOWS\System32\ucrtbase.dll
0x00007fff47fe0000 - 0x00007fff4827a000 	C:\WINDOWS\WinSxS\amd64_microsoft.windows.common-controls_6595b64144ccf1df_6.0.19041.1052_none_60b8f8fd71f5e8cb\COMCTL32.dll
0x00007fff5a020000 - 0x00007fff5a050000 	C:\WINDOWS\System32\IMM32.DLL
0x0000000059560000 - 0x0000000059632000 	C:\Program Files\OpenJDK\openjdk-8u262-b10\jre\bin\msvcr100.dll
0x0000000058d30000 - 0x0000000059558000 	C:\Program Files\OpenJDK\openjdk-8u262-b10\jre\bin\server\jvm.dll
0x00007fff59d90000 - 0x00007fff59d98000 	C:\WINDOWS\System32\PSAPI.DLL
0x00007fff45a40000 - 0x00007fff45a49000 	C:\WINDOWS\SYSTEM32\WSOCK32.dll
0x00007fff59740000 - 0x00007fff597ab000 	C:\WINDOWS\System32\WS2_32.dll
0x00007fff4e420000 - 0x00007fff4e447000 	C:\WINDOWS\SYSTEM32\WINMM.dll
0x00007fff51090000 - 0x00007fff5109a000 	C:\WINDOWS\SYSTEM32\VERSION.dll
0x00007fff53d40000 - 0x00007fff53d4f000 	C:\Program Files\OpenJDK\openjdk-8u262-b10\jre\bin\verify.dll
0x00007fff396f0000 - 0x00007fff39719000 	C:\Program Files\OpenJDK\openjdk-8u262-b10\jre\bin\java.dll
0x00007fff53cb0000 - 0x00007fff53cc6000 	C:\Program Files\OpenJDK\openjdk-8u262-b10\jre\bin\zip.dll
0x00007fff5a1e0000 - 0x00007fff5a91f000 	C:\WINDOWS\System32\SHELL32.dll
0x00007fff562a0000 - 0x00007fff56a30000 	C:\WINDOWS\SYSTEM32\windows.storage.dll
0x00007fff59930000 - 0x00007fff59c85000 	C:\WINDOWS\System32\combase.dll
0x00007fff57af0000 - 0x00007fff57b1c000 	C:\WINDOWS\SYSTEM32\Wldp.dll
0x00007fff59450000 - 0x00007fff594fe000 	C:\WINDOWS\System32\SHCORE.dll
0x00007fff59020000 - 0x00007fff59075000 	C:\WINDOWS\System32\shlwapi.dll
0x00007fff58090000 - 0x00007fff580af000 	C:\WINDOWS\SYSTEM32\profapi.dll
0x00007fff3ba30000 - 0x00007fff3ba4a000 	C:\Program Files\OpenJDK\openjdk-8u262-b10\jre\bin\net.dll
0x00007fff57860000 - 0x00007fff578ca000 	C:\WINDOWS\system32\mswsock.dll
0x00007fff377a0000 - 0x00007fff377b2000 	C:\Program Files\OpenJDK\openjdk-8u262-b10\jre\bin\nio.dll
0x00007fff327e0000 - 0x00007fff3280a000 	C:\Users\touli\.gradle\native\36\windows-amd64\native-platform.dll
0x00007fff3ed90000 - 0x00007fff3ed9d000 	C:\Program Files\OpenJDK\openjdk-8u262-b10\jre\bin\management.dll
0x00007fff57a30000 - 0x00007fff57a48000 	C:\WINDOWS\SYSTEM32\CRYPTSP.dll
0x00007fff57200000 - 0x00007fff57234000 	C:\WINDOWS\system32\rsaenh.dll
0x00007fff58660000 - 0x00007fff58687000 	C:\WINDOWS\System32\bcrypt.dll
0x00007fff58050000 - 0x00007fff5807e000 	C:\WINDOWS\SYSTEM32\USERENV.dll
0x00007fff58300000 - 0x00007fff58383000 	C:\WINDOWS\System32\bcryptprimitives.dll
0x00007fff57a50000 - 0x00007fff57a5c000 	C:\WINDOWS\SYSTEM32\CRYPTBASE.dll
0x00007fff57550000 - 0x00007fff5758b000 	C:\WINDOWS\SYSTEM32\IPHLPAPI.DLL
0x00007fff59310000 - 0x00007fff59318000 	C:\WINDOWS\System32\NSI.dll
0x00007fff4ee10000 - 0x00007fff4ee27000 	C:\WINDOWS\SYSTEM32\dhcpcsvc6.DLL
0x00007fff506b0000 - 0x00007fff506cd000 	C:\WINDOWS\SYSTEM32\dhcpcsvc.DLL
0x00007fff57590000 - 0x00007fff5765c000 	C:\WINDOWS\SYSTEM32\DNSAPI.dll

VM Arguments:
jvm_args: -XX:MaxMetaspaceSize=256m -XX:+HeapDumpOnOutOfMemoryError -Xms256m -Xmx512m -Dfile.encoding=windows-1252 -Duser.country=US -Duser.language=en -Duser.variant 
java_command: org.gradle.launcher.daemon.bootstrap.GradleDaemon 6.2
java_class_path (initial): C:\Users\touli\.gradle\wrapper\dists\gradle-6.2-all\dvufqs6kielxeao781pmk5huj\gradle-6.2\lib\gradle-launcher-6.2.jar
Launcher Type: SUN_STANDARD

Environment Variables:
JAVA_HOME=C:\Program Files\OpenJDK\openjdk-8u262-b10
CLASSPATH=C:\Users\touli\Documents\GitHub\ToulisApp\android\\gradle\wrapper\gradle-wrapper.jar
PATH=C:\Users\touli\Documents\GitHub\ToulisApp\android\node_modules\.bin;C:\Users\touli\Documents\GitHub\ToulisApp\node_modules\.bin;C:\Users\touli\Documents\GitHub\node_modules\.bin;C:\Users\touli\Documents\node_modules\.bin;C:\Users\touli\node_modules\.bin;C:\Users\node_modules\.bin;C:\node_modules\.bin;C:\Program Files\nodejs;C:\Users\touli\Documents\GitHub\ToulisApp\node_modules\.bin;C:\Python38\Scripts\;C:\Python38\;C:\Program Files (x86)\Common Files\Oracle\Java\javapath;C:\WINDOWS\system32;C:\WINDOWS;C:\WINDOWS\System32\Wbem;C:\WINDOWS\System32\WindowsPowerShell\v1.0\;C:\WINDOWS\System32\OpenSSH\;C:\ProgramData\chocolatey\bin;C:\Program Files\nodejs\;C:\Program Files\OpenJDK\openjdk-8u262-b10\bin;C:\Program Files (x86)\Yarn\bin\;C:\Users\touli\AppData\Local\Microsoft\WindowsApps;C:\Users\touli\AppData\Local\Programs\Microsoft VS Code\bin;C:\Users\touli\AppData\Roaming\npm;C:\Users\touli\AppData\Local\Android\Sdk\platform-tools;C:\Users\touli\AppData\Local\Yarn\bin;C:\Users\touli\AppData\Local\Programs\Python\Python38\Scripts\;C:\Users\touli\AppData\Local\GitHubDesktop\bin
USERNAME=touli
OS=Windows_NT
PROCESSOR_IDENTIFIER=AMD64 Family 23 Model 24 Stepping 1, AuthenticAMD



---------------  S Y S T E M  ---------------

OS: Windows 10.0 , 64 bit Build 19041 (10.0.19041.1023)

CPU:total 8 (initial active 8) (8 cores per cpu, 1 threads per core) family 23 model 24 stepping 1, cmov, cx8, fxsr, mmx, sse, sse2, sse3, ssse3, sse4.1, sse4.2, popcnt, avx, avx2, aes, clmul, mmxext, 3dnowpref, lzcnt, sse4a, tsc, tscinvbit, tscinv, bmi1

Memory: 4k page, physical 6228620k(454156k free), swap 25102988k(4160k free)

vm_info: OpenJDK 64-Bit Server VM (25.262-b10) for windows-amd64 JRE (1.8.0_262-b10), built on Jul 13 2020 11:27:33 by "build" with MS VC++ 10.0 (VS2010)

time: Thu Jun 24 13:10:57 2021
timezone: GTB Summer Time
elapsed time: 2 seconds (0d 0h 0m 2s)

